C:\DOCUMENTS AND SETTINGS\USER1\바탕 화면\FOG\DEBUG\FOG.EXE
C:\DOCUMENTS AND SETTINGS\USER1\바탕 화면\FOG\DEBUG\FOG.ILK
C:\DOCUMENTS AND SETTINGS\USER1\바탕 화면\FOG\DEBUG\FOG.PDB
C:\DOCUMENTS AND SETTINGS\USER1\바탕 화면\FOG\FOG\DEBUG\101899.OBJ
C:\DOCUMENTS AND SETTINGS\USER1\바탕 화면\FOG\FOG\DEBUG\FOG.EXE.EMBED.MANIFEST
C:\DOCUMENTS AND SETTINGS\USER1\바탕 화면\FOG\FOG\DEBUG\FOG.EXE.EMBED.MANIFEST.RES
C:\DOCUMENTS AND SETTINGS\USER1\바탕 화면\FOG\FOG\DEBUG\FOG.EXE.INTERMEDIATE.MANIFEST
C:\DOCUMENTS AND SETTINGS\USER1\바탕 화면\FOG\FOG\DEBUG\VC100.PDB
C:\USERS\YK204\DESKTOP\SEJONG_4\SEJONG_3\SEJONG_3\1학기\컴그\101899_김유경_HW5\DEBUG\FOG.EXE
C:\USERS\YK204\DESKTOP\SEJONG_4\SEJONG_3\SEJONG_3\1학기\컴그\101899_김유경_HW5\DEBUG\FOG.EXE.MANIFEST
C:\USERS\YK204\DESKTOP\SEJONG_4\SEJONG_3\SEJONG_3\1학기\컴그\101899_김유경_HW5\DEBUG\FOG.ILK
C:\USERS\YK204\DESKTOP\SEJONG_4\SEJONG_3\SEJONG_3\1학기\컴그\101899_김유경_HW5\DEBUG\FOG.PDB
C:\USERS\YK204\DESKTOP\SEJONG_4\SEJONG_3\SEJONG_3\1학기\컴그\101899_김유경_HW5\FOG\DEBUG\101899.OBJ
C:\Users\YK204\Desktop\sejong_4\sejong_3\sejong_3\1학기\컴그\101899_김유경_hw5\fog\Debug\cl.command.1.tlog
C:\Users\YK204\Desktop\sejong_4\sejong_3\sejong_3\1학기\컴그\101899_김유경_hw5\fog\Debug\CL.read.1.tlog
C:\Users\YK204\Desktop\sejong_4\sejong_3\sejong_3\1학기\컴그\101899_김유경_hw5\fog\Debug\CL.write.1.tlog
C:\Users\YK204\Desktop\sejong_4\sejong_3\sejong_3\1학기\컴그\101899_김유경_hw5\fog\Debug\fog.exe.embed.manifest
C:\USERS\YK204\DESKTOP\SEJONG_4\SEJONG_3\SEJONG_3\1학기\컴그\101899_김유경_HW5\FOG\DEBUG\FOG.EXE.EMBED.MANIFEST.RES
C:\USERS\YK204\DESKTOP\SEJONG_4\SEJONG_3\SEJONG_3\1학기\컴그\101899_김유경_HW5\FOG\DEBUG\FOG.EXE.INTERMEDIATE.MANIFEST
C:\Users\YK204\Desktop\sejong_4\sejong_3\sejong_3\1학기\컴그\101899_김유경_hw5\fog\Debug\fog.vcxprojResolveAssemblyReference.cache
C:\Users\YK204\Desktop\sejong_4\sejong_3\sejong_3\1학기\컴그\101899_김유경_hw5\fog\Debug\fog.write.1.tlog
C:\Users\YK204\Desktop\sejong_4\sejong_3\sejong_3\1학기\컴그\101899_김유경_hw5\fog\Debug\fog_manifest.rc
C:\Users\YK204\Desktop\sejong_4\sejong_3\sejong_3\1학기\컴그\101899_김유경_hw5\fog\Debug\link.1744.read.1.tlog
C:\Users\YK204\Desktop\sejong_4\sejong_3\sejong_3\1학기\컴그\101899_김유경_hw5\fog\Debug\link.1744.write.1.tlog
C:\Users\YK204\Desktop\sejong_4\sejong_3\sejong_3\1학기\컴그\101899_김유경_hw5\fog\Debug\link.1744-cvtres.read.1.tlog
C:\Users\YK204\Desktop\sejong_4\sejong_3\sejong_3\1학기\컴그\101899_김유경_hw5\fog\Debug\link.1744-cvtres.write.1.tlog
C:\Users\YK204\Desktop\sejong_4\sejong_3\sejong_3\1학기\컴그\101899_김유경_hw5\fog\Debug\link.command.1.tlog
C:\Users\YK204\Desktop\sejong_4\sejong_3\sejong_3\1학기\컴그\101899_김유경_hw5\fog\Debug\link.read.1.tlog
C:\Users\YK204\Desktop\sejong_4\sejong_3\sejong_3\1학기\컴그\101899_김유경_hw5\fog\Debug\link.write.1.tlog
C:\Users\YK204\Desktop\sejong_4\sejong_3\sejong_3\1학기\컴그\101899_김유경_hw5\fog\Debug\link-cvtres.read.1.tlog
C:\Users\YK204\Desktop\sejong_4\sejong_3\sejong_3\1학기\컴그\101899_김유경_hw5\fog\Debug\link-cvtres.write.1.tlog
C:\Users\YK204\Desktop\sejong_4\sejong_3\sejong_3\1학기\컴그\101899_김유경_hw5\fog\Debug\mt.command.1.tlog
C:\Users\YK204\Desktop\sejong_4\sejong_3\sejong_3\1학기\컴그\101899_김유경_hw5\fog\Debug\mt.read.1.tlog
C:\Users\YK204\Desktop\sejong_4\sejong_3\sejong_3\1학기\컴그\101899_김유경_hw5\fog\Debug\mt.write.1.tlog
C:\Users\YK204\Desktop\sejong_4\sejong_3\sejong_3\1학기\컴그\101899_김유경_hw5\fog\Debug\rc.command.1.tlog
C:\Users\YK204\Desktop\sejong_4\sejong_3\sejong_3\1학기\컴그\101899_김유경_hw5\fog\Debug\rc.read.1.tlog
C:\Users\YK204\Desktop\sejong_4\sejong_3\sejong_3\1학기\컴그\101899_김유경_hw5\fog\Debug\rc.write.1.tlog
C:\Users\YK204\Desktop\sejong_4\sejong_3\sejong_3\1학기\컴그\101899_김유경_hw5\fog\Debug\vc100.idb
C:\USERS\YK204\DESKTOP\SEJONG_4\SEJONG_3\SEJONG_3\1학기\컴그\101899_김유경_HW5\FOG\DEBUG\VC100.PDB
